<?xml version="1.0" encoding="UTF-8"?>
<testsuite xmlns:xsi="http://www.w3.org/2001/XMLSchema-instance" xsi:noNamespaceSchemaLocation="https://maven.apache.org/surefire/maven-surefire-plugin/xsd/surefire-test-report.xsd" version="3.0.2" name="com.bicicleta.ms3.service.ColorApplicationTests" time="2.594" tests="4" errors="0" skipped="0" failures="0" flakes="0">
  <properties>
[...]
</properties>
  <testcase name="testObtenerColores" classname="com.bicicleta.ms3.service.ColorApplicationTests" time="0.065">
    <system-out><![CDATA[2026-06-29T02:29:52.912-04:00  INFO 28844 --- [ms3] [           main] t.c.s.AnnotationConfigContextLoaderUtils : Could not detect default configuration classes for test class [com.bicicleta.ms3.service.ColorApplicationTests]: ColorApplicationTests does not declare any static, non-private, non-final, nested classes annotated with @Configuration.
2026-06-29T02:29:52.965-04:00  INFO 28844 --- [ms3] [           main] .b.t.c.SpringBootTestContextBootstrapper : Found @SpringBootConfiguration com.bicicleta.ms3.Ms3Application for test class com.bicicleta.ms3.service.ColorApplicationTests
2026-06-29T02:29:52.969-04:00  INFO 28844 --- [ms3] [           main] t.c.s.AnnotationConfigContextLoaderUtils : Could not detect default configuration classes for test class [com.bicicleta.ms3.service.ColorApplicationTests]: ColorApplicationTests does not declare any static, non-private, non-final, nested classes annotated with @Configuration.
2026-06-29T02:29:52.970-04:00  INFO 28844 --- [ms3] [           main] .b.t.c.SpringBootTestContextBootstrapper : Found @SpringBootConfiguration com.bicicleta.ms3.Ms3Application for test class com.bicicleta.ms3.service.ColorApplicationTests

  .   ____          _            __ _ _
 /\\ / ___'_ __ _ _(_)_ __  __ _ \ \ \ \
( ( )\___ | '_ | '_| | '_ \/ _` | \ \ \ \
 \\/  ___)| |_)| | | | | || (_| |  ) ) ) )
  '  |____| .__|_| |_|_| |_\__, | / / / /
 =========|_|==============|___/=/_/_/_/

 :: Spring Boot ::                (v4.1.0)

2026-06-29T02:29:53.081-04:00  INFO 28844 --- [ms3] [           main] c.b.ms3.service.ColorApplicationTests    : Starting ColorApplicationTests using Java 25.0.2 with PID 28844 (started by nmaul in C:\Users\nmaul\OneDrive\Desktop\IA\Prueba3\ms3\ms3)
2026-06-29T02:29:53.081-04:00  INFO 28844 --- [ms3] [           main] c.b.ms3.service.ColorApplicationTests    : The following 1 profile is active: "dev"
2026-06-29T02:29:53.706-04:00  INFO 28844 --- [ms3] [           main] .s.d.r.c.RepositoryConfigurationDelegate : Bootstrapping Spring Data JPA repositories in DEFAULT mode.
2026-06-29T02:29:53.729-04:00  INFO 28844 --- [ms3] [           main] .s.d.r.c.RepositoryConfigurationDelegate : Finished Spring Data repository scanning in 19 ms. Found 4 JPA repository interfaces.
2026-06-29T02:29:53.994-04:00  INFO 28844 --- [ms3] [           main] o.s.cloud.context.scope.GenericScope     : BeanFactory id=eaa8ee44-7df2-3311-b181-bb9ca82ca12f
2026-06-29T02:29:54.307-04:00  INFO 28844 --- [ms3] [           main] org.hibernate.orm.jpa                    : HHH008540: Processing PersistenceUnitInfo [name: default]
2026-06-29T02:29:54.341-04:00  INFO 28844 --- [ms3] [           main] o.s.o.j.p.SpringPersistenceUnitInfo      : No LoadTimeWeaver setup: ignoring JPA class transformer
2026-06-29T02:29:54.343-04:00  INFO 28844 --- [ms3] [           main] com.zaxxer.hikari.HikariDataSource       : HikariPool-2 - Starting...
2026-06-29T02:29:54.344-04:00  INFO 28844 --- [ms3] [           main] com.zaxxer.hikari.pool.HikariPool        : HikariPool-2 - Added connection conn10: url=jdbc:h2:mem:testdb user=SA
2026-06-29T02:29:54.345-04:00  INFO 28844 --- [ms3] [           main] com.zaxxer.hikari.HikariDataSource       : HikariPool-2 - Start completed.
2026-06-29T02:29:54.345-04:00  WARN 28844 --- [ms3] [           main] org.hibernate.orm.deprecation            : HHH90000025: H2Dialect does not need to be specified explicitly using 'hibernate.dialect' (remove the property setting and it will be selected by default)
2026-06-29T02:29:54.346-04:00  INFO 28844 --- [ms3] [           main] org.hibernate.orm.connections.pooling    : HHH10001005: Database info:
	Database JDBC URL [jdbc:h2:mem:testdb]
	Database driver: H2 JDBC Driver
	Database dialect: H2Dialect
	Database version: 2.4.240
	Default catalog/schema: TESTDB/PUBLIC
	Autocommit mode: undefined/unknown
	Isolation level: READ_COMMITTED [default READ_COMMITTED]
	JDBC fetch size: 100
	Pool: DataSourceConnectionProvider
	Minimum pool size: undefined/unknown
	Maximum pool size: undefined/unknown
Hibernate: create global temporary table HT_bicicletas(id integer not null, primary key (id)) transactional
Hibernate: create global temporary table HTE_bicicletas(HTE_IDENTITY integer generated by default as identity, clienteId integer, id integer, marca_id integer, modelo_id integer, material varchar(50), primary key (HTE_IDENTITY)) transactional
2026-06-29T02:29:54.433-04:00  INFO 28844 --- [ms3] [           main] org.hibernate.orm.core                   : HHH000489: No JTA platform available (set 'hibernate.transaction.jta.platform' to enable JTA platform integration)
Hibernate: drop table if exists bicicleta_color cascade 
Hibernate: drop table if exists bicicleta_marca cascade 
Hibernate: drop table if exists bicicletas cascade 
Hibernate: drop table if exists colores cascade 
Hibernate: drop table if exists marcas cascade 
Hibernate: drop table if exists modelos cascade 
Hibernate: create table bicicleta_color (bicicleta_id integer not null, color_id integer not null)
Hibernate: create table bicicleta_marca (bicicleta_id integer not null, marca_id integer not null, primary key (bicicleta_id))
Hibernate: comment on column bicicleta_marca.bicicleta_id is ''
Hibernate: create table bicicletas (cliente_id integer, id integer generated by default as identity, modelo_id integer, material varchar(50) not null, primary key (id))
Hibernate: create table colores (id integer generated by default as identity, nombre varchar(255) not null unique, primary key (id))
Hibernate: create table marcas (id integer generated by default as identity, nombre varchar(100) not null, primary key (id))
Hibernate: create table modelos (id integer generated by default as identity, marca_id integer, talla_cuadro varchar(10) not null, tipo_suspension varchar(50) not null, nombre_modelo varchar(100) not null, primary key (id))
Hibernate: alter table if exists bicicleta_color add constraint FK387vp1xtui432tpvhgrp3eyxy foreign key (color_id) references colores
Hibernate: alter table if exists bicicleta_color add constraint FKsy8jd6n7esf9y8p4n19ox1xda foreign key (bicicleta_id) references bicicletas
Hibernate: alter table if exists bicicleta_marca add constraint FKm8gb14f43asag912m6cflfk4a foreign key (marca_id) references marcas
Hibernate: alter table if exists bicicleta_marca add constraint FKrd974sxe7qoy9jlmyrpwglmkg foreign key (bicicleta_id) references bicicletas
Hibernate: alter table if exists bicicletas add constraint FKrpnnh0npxuf2p488hshf29bp0 foreign key (modelo_id) references modelos
Hibernate: alter table if exists modelos add constraint FKfwmnvprqtv5jc4t60c076mj7h foreign key (marca_id) references marcas
2026-06-29T02:29:54.452-04:00  INFO 28844 --- [ms3] [           main] j.LocalContainerEntityManagerFactoryBean : Initialized JPA EntityManagerFactory for persistence unit 'default'
2026-06-29T02:29:54.687-04:00  WARN 28844 --- [ms3] [           main] JpaBaseConfiguration$JpaWebConfiguration : spring.jpa.open-in-view is enabled by default. Therefore, database queries may be performed during view rendering. Explicitly configure spring.jpa.open-in-view to disable this warning
2026-06-29T02:29:55.305-04:00  INFO 28844 --- [ms3] [           main] DiscoveryClientOptionalArgsConfiguration : Eureka HTTP Client uses RestClient.
2026-06-29T02:29:55.345-04:00  WARN 28844 --- [ms3] [           main] iguration$LoadBalancerCaffeineWarnLogger : Spring Cloud LoadBalancer is currently working with the default cache. While this cache implementation is useful for development and tests, it's recommended to use Caffeine cache in production.You can switch to using Caffeine cache, by adding it and org.springframework.cache.caffeine.CaffeineCacheManager to the classpath.
2026-06-29T02:29:55.352-04:00  INFO 28844 --- [ms3] [           main] o.s.b.a.e.web.EndpointLinksResolver      : Exposing 1 endpoint beneath base path '/actuator'
2026-06-29T02:29:55.402-04:00  INFO 28844 --- [ms3] [           main] c.b.ms3.service.ColorApplicationTests    : Started ColorApplicationTests in 2.394 seconds (process running for 12.261)
2026-06-29T02:29:55.405-04:00  WARN 28844 --- [ms3] [           main] o.s.core.events.SpringDocAppInitializer  : SpringDoc /ms3/api-docs endpoint is enabled by default. To disable it in production, set the property 'springdoc.api-docs.enabled=false'
2026-06-29T02:29:55.406-04:00  WARN 28844 --- [ms3] [           main] o.s.core.events.SpringDocAppInitializer  : SpringDoc /swagger-ui.html endpoint is enabled by default. To disable it in production, set the property 'springdoc.swagger-ui.enabled=false'
]]></system-out>
  </testcase>
  <testcase name="testBuscarPorId" classname="com.bicicleta.ms3.service.ColorApplicationTests" time="0.007"/>
  <testcase name="testBuscarPorIdNoExiste" classname="com.bicicleta.ms3.service.ColorApplicationTests" time="0.006"/>
  <testcase name="testGuardarColor" classname="com.bicicleta.ms3.service.ColorApplicationTests" time="0.005"/>
</testsuite>